2023-04-18 15:52:51,524 INFO o.a.j.u.JMeterUtils: Setting Locale to en_US
2023-04-18 15:52:51,545 INFO o.a.j.JMeter: Loading system properties from: system.properties
2023-04-18 15:52:51,564 INFO o.a.j.JMeter: Copyright (c) 1998-2021 The Apache Software Foundation
2023-04-18 15:52:51,564 INFO o.a.j.JMeter: Version 5.4.1
2023-04-18 15:52:51,564 INFO o.a.j.JMeter: java.version=1.8.0_241
2023-04-18 15:52:51,564 INFO o.a.j.JMeter: java.vm.name=Java HotSpot(TM) 64-Bit Server VM
2023-04-18 15:52:51,564 INFO o.a.j.JMeter: os.name=Windows 10
2023-04-18 15:52:51,564 INFO o.a.j.JMeter: os.arch=amd64
2023-04-18 15:52:51,564 INFO o.a.j.JMeter: os.version=10.0
2023-04-18 15:52:51,565 INFO o.a.j.JMeter: file.encoding=Cp1252
2023-04-18 15:52:51,565 INFO o.a.j.JMeter: java.awt.headless=true
2023-04-18 15:52:51,565 INFO o.a.j.JMeter: Max memory     =514850816
2023-04-18 15:52:51,565 INFO o.a.j.JMeter: Available Processors =8
2023-04-18 15:52:51,575 INFO o.a.j.JMeter: Default Locale=English (United States)
2023-04-18 15:52:51,576 INFO o.a.j.JMeter: JMeter  Locale=English (United States)
2023-04-18 15:52:51,576 INFO o.a.j.JMeter: JMeterHome=D:\Project\Pearson\API Codes\RestAssuredAPI\target\jmeter
2023-04-18 15:52:51,576 INFO o.a.j.JMeter: user.dir  =D:\Project\Pearson\API Codes\RestAssuredAPI\target\jmeter\bin
2023-04-18 15:52:51,576 INFO o.a.j.JMeter: PWD       =D:\Project\Pearson\API Codes\RestAssuredAPI\target\jmeter\bin
2023-04-18 15:52:56,113 INFO o.a.j.JMeter: IP: 172.28.96.1 Name: HMECL002868 FullName: HMECL002868.happiestminds.com
2023-04-18 15:52:56,120 INFO o.a.j.JMeter: Setting property 'jmeter.reportgenerator.outputdir' to:'D:\Project\Pearson\API Codes\RestAssuredAPI\target\jmeter\reports\JpetUserRegistration_20230418_155249'
2023-04-18 15:52:56,127 INFO o.a.j.s.FileServer: Default base='D:\Project\Pearson\API Codes\RestAssuredAPI\target\jmeter\bin'
2023-04-18 15:52:56,130 INFO o.a.j.s.FileServer: Set new base='D:\Project\Pearson\API Codes\RestAssuredAPI\target\jmeter\testFiles'
2023-04-18 15:52:56,381 INFO o.a.j.s.SaveService: Testplan (JMX) version: 2.2. Testlog (JTL) version: 2.2
2023-04-18 15:52:56,399 INFO o.a.j.s.SaveService: Using SaveService properties file encoding UTF-8
2023-04-18 15:52:56,405 INFO o.a.j.s.SaveService: Using SaveService properties version 5.0
2023-04-18 15:52:56,412 INFO o.a.j.s.SaveService: Loading file: D:\Project\Pearson\API Codes\RestAssuredAPI\target\jmeter\testFiles\JpetUserRegistration.jmx
2023-04-18 15:52:56,448 INFO o.a.j.p.h.c.CookieManager: Settings: Delete null: true Check: true Allow variable: true Save: false Prefix: COOKIE_
2023-04-18 15:52:56,453 INFO o.a.j.p.h.c.CacheManager: Will only cache the following methods: [GET]
2023-04-18 15:52:56,494 INFO o.a.j.p.h.s.HTTPSamplerBase: Parser for text/html is org.apache.jmeter.protocol.http.parser.LagartoBasedHtmlParser
2023-04-18 15:52:56,494 INFO o.a.j.p.h.s.HTTPSamplerBase: Parser for application/xhtml+xml is org.apache.jmeter.protocol.http.parser.LagartoBasedHtmlParser
2023-04-18 15:52:56,494 INFO o.a.j.p.h.s.HTTPSamplerBase: Parser for application/xml is org.apache.jmeter.protocol.http.parser.LagartoBasedHtmlParser
2023-04-18 15:52:56,494 INFO o.a.j.p.h.s.HTTPSamplerBase: Parser for text/xml is org.apache.jmeter.protocol.http.parser.LagartoBasedHtmlParser
2023-04-18 15:52:56,494 INFO o.a.j.p.h.s.HTTPSamplerBase: Parser for text/vnd.wap.wml is org.apache.jmeter.protocol.http.parser.RegexpHTMLParser
2023-04-18 15:52:56,495 INFO o.a.j.p.h.s.HTTPSamplerBase: Parser for text/css is org.apache.jmeter.protocol.http.parser.CssParser
2023-04-18 15:52:56,557 INFO o.a.j.JMeter: Creating summariser <summary>
2023-04-18 15:52:56,562 INFO o.a.j.r.d.ReportGenerator: ReportGenerator will use for Parsing the separator: ','
2023-04-18 15:52:56,562 INFO o.a.j.r.d.ReportGenerator: Will generate report at end of test from  results file: D:\Project\Pearson\API Codes\RestAssuredAPI\target\jmeter\results\20230418-JpetUserRegistration.csv
2023-04-18 15:52:56,563 INFO o.a.j.r.d.ReportGenerator: Reading report generator properties from: D:\Project\Pearson\API Codes\RestAssuredAPI\target\jmeter\bin\reportgenerator.properties
2023-04-18 15:52:56,563 INFO o.a.j.r.d.ReportGenerator: Merging with JMeter properties
2023-04-18 15:52:56,570 INFO o.a.j.r.c.ReportGeneratorConfiguration: Property 'jmeter.reportgenerator.temp_dir' not found, using default value 'temp' instead.
2023-04-18 15:52:56,572 INFO o.a.j.r.c.ReportGeneratorConfiguration: Property 'jmeter.reportgenerator.apdex_per_transaction' not found, using default value 'null' instead.
2023-04-18 15:52:56,572 INFO o.a.j.r.c.ReportGeneratorConfiguration: apdex_per_transaction is empty, not APDEX per transaction customization
2023-04-18 15:52:56,573 INFO o.a.j.r.c.ReportGeneratorConfiguration: Property 'jmeter.reportgenerator.sample_filter' not found, using default value 'null' instead.
2023-04-18 15:52:56,573 INFO o.a.j.r.c.ReportGeneratorConfiguration: Property 'jmeter.reportgenerator.report_title' not found, using default value 'null' instead.
2023-04-18 15:52:56,573 INFO o.a.j.r.c.ReportGeneratorConfiguration: Property 'jmeter.reportgenerator.start_date' not found, using default value 'null' instead.
2023-04-18 15:52:56,573 INFO o.a.j.r.c.ReportGeneratorConfiguration: Property 'jmeter.reportgenerator.end_date' not found, using default value 'null' instead.
2023-04-18 15:52:56,573 INFO o.a.j.r.c.ReportGeneratorConfiguration: Property 'jmeter.reportgenerator.date_format' not found, using default value 'null' instead.
2023-04-18 15:52:56,575 INFO o.a.j.r.c.ReportGeneratorConfiguration: Will use date range start date: null, end date: null
2023-04-18 15:52:56,580 INFO o.a.j.r.c.ReportGeneratorConfiguration: Property 'jmeter.reportgenerator.graph.totalTPS.exclude_controllers' not found, using default value 'false' instead.
2023-04-18 15:52:56,580 INFO o.a.j.r.c.ReportGeneratorConfiguration: Property 'jmeter.reportgenerator.graph.activeThreadsOverTime.exclude_controllers' not found, using default value 'false' instead.
2023-04-18 15:52:56,580 INFO o.a.j.r.c.ReportGeneratorConfiguration: Property 'jmeter.reportgenerator.graph.timeVsThreads.exclude_controllers' not found, using default value 'false' instead.
2023-04-18 15:52:56,580 INFO o.a.j.r.c.ReportGeneratorConfiguration: Property 'jmeter.reportgenerator.graph.responseTimeDistribution.exclude_controllers' not found, using default value 'false' instead.
2023-04-18 15:52:56,580 INFO o.a.j.r.c.ReportGeneratorConfiguration: Property 'jmeter.reportgenerator.graph.transactionsPerSecond.exclude_controllers' not found, using default value 'false' instead.
2023-04-18 15:52:56,580 INFO o.a.j.r.c.ReportGeneratorConfiguration: Property 'jmeter.reportgenerator.graph.responseTimePercentiles.exclude_controllers' not found, using default value 'false' instead.
2023-04-18 15:52:56,581 INFO o.a.j.r.c.ReportGeneratorConfiguration: Property 'jmeter.reportgenerator.graph.responseTimePercentilesOverTime.exclude_controllers' not found, using default value 'false' instead.
2023-04-18 15:52:56,581 INFO o.a.j.r.c.ReportGeneratorConfiguration: Property 'jmeter.reportgenerator.graph.responseTimesOverTime.exclude_controllers' not found, using default value 'false' instead.
2023-04-18 15:52:56,581 INFO o.a.j.r.c.ReportGeneratorConfiguration: Property 'jmeter.reportgenerator.graph.connectTimeOverTime.exclude_controllers' not found, using default value 'false' instead.
2023-04-18 15:52:56,581 INFO o.a.j.r.c.ReportGeneratorConfiguration: Property 'jmeter.reportgenerator.graph.latenciesOverTime.exclude_controllers' not found, using default value 'false' instead.
2023-04-18 15:52:56,582 INFO o.a.j.r.c.ReportGeneratorConfiguration: Property 'jmeter.reportgenerator.exporter.json.filters_only_sample_series' not found, using default value 'true' instead.
2023-04-18 15:52:56,582 INFO o.a.j.r.c.ReportGeneratorConfiguration: Property 'jmeter.reportgenerator.exporter.json.series_filter' not found, using default value '' instead.
2023-04-18 15:52:56,583 INFO o.a.j.r.c.ReportGeneratorConfiguration: Property 'jmeter.reportgenerator.exporter.json.show_controllers_only' not found, using default value 'false' instead.
2023-04-18 15:52:56,583 INFO o.a.j.r.c.ReportGeneratorConfiguration: Property 'jmeter.reportgenerator.exporter.html.filters_only_sample_series' not found, using default value 'true' instead.
2023-04-18 15:52:56,583 INFO o.a.j.r.c.ReportGeneratorConfiguration: Property 'jmeter.reportgenerator.exporter.html.series_filter' not found, using default value '' instead.
2023-04-18 15:52:56,583 INFO o.a.j.r.c.ReportGeneratorConfiguration: Property 'jmeter.reportgenerator.exporter.html.show_controllers_only' not found, using default value 'false' instead.
2023-04-18 15:52:56,589 INFO o.a.j.e.StandardJMeterEngine: Running the test!
2023-04-18 15:52:56,590 INFO o.a.j.s.SampleEvent: List of sample_variables: []
2023-04-18 15:52:56,590 INFO o.a.j.s.SampleEvent: List of sample_variables: []
2023-04-18 15:52:56,596 INFO o.a.j.e.u.CompoundVariable: Note: Function class names must contain the string: '.functions.'
2023-04-18 15:52:56,597 INFO o.a.j.e.u.CompoundVariable: Note: Function class names must not contain the string: '.gui.'
2023-04-18 15:52:57,099 INFO o.a.j.JMeter: Running test (1681813377099)
2023-04-18 15:52:57,191 INFO o.a.j.e.StandardJMeterEngine: Starting ThreadGroup: 1 : JpetReg_Dynamic
2023-04-18 15:52:57,191 INFO o.a.j.e.StandardJMeterEngine: Starting 3 threads for group JpetReg_Dynamic.
2023-04-18 15:52:57,191 INFO o.a.j.e.StandardJMeterEngine: Thread will continue on error
2023-04-18 15:52:57,191 INFO o.a.j.t.ThreadGroup: Starting thread group... number=1 threads=3 ramp-up=1 delayedStart=false
2023-04-18 15:52:57,221 INFO o.a.j.t.ThreadGroup: Started thread group number 1
2023-04-18 15:52:57,221 INFO o.a.j.e.StandardJMeterEngine: All thread groups have been started
2023-04-18 15:52:57,222 INFO o.a.j.s.SampleResult: Note: Sample TimeStamps are START times
2023-04-18 15:52:57,223 INFO o.a.j.s.SampleResult: sampleresult.default.encoding is set to ISO-8859-1
2023-04-18 15:52:57,223 INFO o.a.j.s.SampleResult: sampleresult.useNanoTime=true
2023-04-18 15:52:57,223 INFO o.a.j.s.SampleResult: sampleresult.nanoThreadSleep=5000
2023-04-18 15:52:57,292 INFO o.a.j.t.JMeterThread: Thread started: JpetReg_Dynamic 1-1
2023-04-18 15:52:57,295 INFO o.a.j.s.FileServer: Stored: ./JPetRegData.txt
2023-04-18 15:52:57,337 INFO o.a.j.p.h.s.HTTPHCAbstractImpl: Local host = HMECL002868
2023-04-18 15:52:57,348 INFO o.a.j.p.h.s.HTTPHC4Impl: HTTP request retry count = 0
2023-04-18 15:52:57,562 INFO o.a.j.p.h.s.h.LazyLayeredConnectionSocketFactory: Setting up HTTPS TrustAll Socket Factory
2023-04-18 15:52:57,578 INFO o.a.j.u.JsseSSLManager: Using default SSL protocol: TLS
2023-04-18 15:52:57,578 INFO o.a.j.u.JsseSSLManager: SSL session context: per-thread
2023-04-18 15:52:57,618 INFO o.a.j.t.JMeterThread: Thread started: JpetReg_Dynamic 1-2
2023-04-18 15:52:57,947 INFO o.a.j.t.JMeterThread: Thread started: JpetReg_Dynamic 1-3
2023-04-18 15:52:59,635 INFO o.a.j.u.SSLManager: JmeterKeyStore Location:  type JKS
2023-04-18 15:52:59,636 INFO o.a.j.u.SSLManager: KeyStore created OK
2023-04-18 15:52:59,636 WARN o.a.j.u.SSLManager: Keystore file not found, loading empty keystore
2023-04-18 15:53:01,673 INFO o.a.j.p.h.p.BaseParser: Created org.apache.jmeter.protocol.http.parser.LagartoBasedHtmlParser
2023-04-18 15:53:01,673 INFO o.a.j.p.h.p.BaseParser: Created org.apache.jmeter.protocol.http.parser.LagartoBasedHtmlParser
2023-04-18 15:53:02,025 INFO o.a.j.p.h.p.BaseParser: Created org.apache.jmeter.protocol.http.parser.CssParser
2023-04-18 15:53:02,025 INFO o.a.j.p.h.p.BaseParser: Created org.apache.jmeter.protocol.http.parser.CssParser
2023-04-18 15:53:02,025 INFO o.a.j.p.h.p.BaseParser: Created org.apache.jmeter.protocol.http.parser.CssParser
2023-04-18 15:53:02,257 WARN c.h.c.r.e.LoggingCSSParseErrorHandler: Browser compliant mode skipped CSS from [170:1] starting at token '}' until [173:1] to token '}' (based on com.helger.css.parser.ParseException: Encountered unexpected token: "\n\n {" <LBRACE>
    at line 170, column 2.

Was expecting one of:

    "*"
    "-->"
    "."
    ":"
    ":not("
    ";"
    "<!--"
    "@bottom-center"
    "@bottom-left"
    "@bottom-left-corner"
    "@bottom-right"
    "@bottom-right-corner"
    "@charset"
    "@import"
    "@left-bottom"
    "@left-middle"
    "@left-top"
    "@media"
    "@namespace"
    "@page"
    "@right-bottom"
    "@right-middle"
    "@right-top"
    "@supports"
    "@top-center"
    "@top-left"
    "@top-left-corner"
    "@top-right"
    "@top-right-corner"
    "["
    "|"
    "}"
    <AT_UNKNOWN>
    <EOF>
    <FONTFACE_SYM>
    <HASH>
    <IDENT>
    <KEYFRAMES_SYM>
    <PERCENTAGE>
    <S>
    <UNKNOWN>
    <VIEWPORT_SYM>
)
2023-04-18 15:53:05,553 INFO o.a.j.r.Summariser: summary +      1 in 00:00:08 =    0.1/s Avg:  8087 Min:  8087 Max:  8087 Err:     0 (0.00%) Active: 3 Started: 3 Finished: 0
2023-04-18 15:53:27,432 INFO o.a.j.t.JMeterThread: Stopping because end time detected by thread: JpetReg_Dynamic 1-2
2023-04-18 15:53:27,433 INFO o.a.j.t.JMeterThread: Thread finished: JpetReg_Dynamic 1-2
2023-04-18 15:53:27,514 INFO o.a.j.t.JMeterThread: Stopping because end time detected by thread: JpetReg_Dynamic 1-3
2023-04-18 15:53:27,515 INFO o.a.j.t.JMeterThread: Thread finished: JpetReg_Dynamic 1-3
2023-04-18 15:53:30,479 INFO o.a.j.r.Summariser: summary +     72 in 00:00:25 =    2.9/s Avg:  1167 Min:   219 Max:  7983 Err:     0 (0.00%) Active: 1 Started: 3 Finished: 2
2023-04-18 15:53:30,480 INFO o.a.j.r.Summariser: summary =     73 in 00:00:33 =    2.2/s Avg:  1262 Min:   219 Max:  8087 Err:     0 (0.00%)
2023-04-18 15:53:30,480 INFO o.a.j.t.JMeterThread: Stopping because end time detected by thread: JpetReg_Dynamic 1-1
2023-04-18 15:53:30,480 INFO o.a.j.t.JMeterThread: Thread finished: JpetReg_Dynamic 1-1
2023-04-18 15:53:30,481 INFO o.a.j.e.StandardJMeterEngine: Notifying test listeners of end of test
2023-04-18 15:53:30,481 INFO o.a.j.s.FileServer: Close: ./JPetRegData.txt
2023-04-18 15:53:30,483 INFO o.a.j.r.Summariser: summary =     73 in 00:00:33 =    2.2/s Avg:  1262 Min:   219 Max:  8087 Err:     0 (0.00%)
2023-04-18 15:53:30,484 INFO o.a.j.JMeter: Generating Dashboard
2023-04-18 15:53:30,484 INFO o.a.j.r.d.ReportGenerator: Flushing result collector before report Generation
2023-04-18 15:53:30,513 INFO o.a.j.r.p.NormalizerSampleConsumer: Using format, 'ms', to parse timeStamp field
2023-04-18 15:53:30,641 INFO o.a.j.r.p.AbstractSampleConsumer: class org.apache.jmeter.report.processor.AggregateConsumer#stopProducing(): beginDate produced 0 samples
2023-04-18 15:53:30,641 INFO o.a.j.r.p.AbstractSampleConsumer: class org.apache.jmeter.report.processor.AggregateConsumer#stopProducing(): endDate produced 0 samples
2023-04-18 15:53:30,645 INFO o.a.j.r.p.AbstractSampleConsumer: class org.apache.jmeter.report.processor.ApdexSummaryConsumer#stopProducing(): apdexSummary produced 0 samples
2023-04-18 15:53:30,645 INFO o.a.j.r.p.AbstractSampleConsumer: class org.apache.jmeter.report.processor.RequestsSummaryConsumer#stopProducing(): requestsSummary produced 0 samples
2023-04-18 15:53:30,654 INFO o.a.j.r.p.AbstractSampleConsumer: class org.apache.jmeter.report.processor.StatisticsSummaryConsumer#stopProducing(): statisticsSummary produced 0 samples
2023-04-18 15:53:30,663 INFO o.a.j.r.p.AbstractSampleConsumer: class org.apache.jmeter.report.processor.Top5ErrorsBySamplerConsumer#stopProducing(): top5ErrorsBySampler produced 0 samples
2023-04-18 15:53:30,663 INFO o.a.j.r.p.AbstractSampleConsumer: class org.apache.jmeter.report.processor.ErrorsSummaryConsumer#stopProducing(): errorsSummary produced 0 samples
2023-04-18 15:53:30,663 INFO o.a.j.r.p.AbstractSampleConsumer: class org.apache.jmeter.report.processor.graph.impl.HitsPerSecondGraphConsumer#stopProducing(): hitsPerSecond produced 0 samples
2023-04-18 15:53:30,702 INFO o.a.j.r.p.AbstractSampleConsumer: class org.apache.jmeter.report.processor.graph.impl.LatencyVSRequestGraphConsumer#stopProducing(): latencyVsRequest produced 0 samples
2023-04-18 15:53:30,703 INFO o.a.j.r.p.AbstractSampleConsumer: class org.apache.jmeter.report.processor.graph.impl.SyntheticResponseTimeDistributionGraphConsumer#stopProducing(): syntheticResponseTimeDistribution produced 0 samples
2023-04-18 15:53:30,703 INFO o.a.j.r.p.AbstractSampleConsumer: class org.apache.jmeter.report.processor.graph.impl.BytesThroughputGraphConsumer#stopProducing(): bytesThroughputOverTime produced 0 samples
2023-04-18 15:53:30,703 INFO o.a.j.r.p.AbstractSampleConsumer: class org.apache.jmeter.report.processor.graph.impl.CodesPerSecondGraphConsumer#stopProducing(): codesPerSecond produced 0 samples
2023-04-18 15:53:30,726 INFO o.a.j.r.p.AbstractSampleConsumer: class org.apache.jmeter.report.processor.graph.impl.ResponseTimeVSRequestGraphConsumer#stopProducing(): responseTimeVsRequest produced 0 samples
2023-04-18 15:53:30,726 INFO o.a.j.r.p.AbstractSampleConsumer: class org.apache.jmeter.report.processor.FilterConsumer#stopProducing(): startIntervalControlerFilter produced 2800 samples
2023-04-18 15:53:30,726 INFO o.a.j.r.p.AbstractSampleConsumer: class org.apache.jmeter.report.processor.graph.impl.TotalTPSGraphConsumer#stopProducing(): totalTPS produced 0 samples
2023-04-18 15:53:30,727 INFO o.a.j.r.p.AbstractSampleConsumer: class org.apache.jmeter.report.processor.graph.impl.ActiveThreadsGraphConsumer#stopProducing(): activeThreadsOverTime produced 0 samples
2023-04-18 15:53:30,727 INFO o.a.j.r.p.AbstractSampleConsumer: class org.apache.jmeter.report.processor.graph.impl.TimeVSThreadGraphConsumer#stopProducing(): timeVsThreads produced 0 samples
2023-04-18 15:53:30,729 INFO o.a.j.r.p.AbstractSampleConsumer: class org.apache.jmeter.report.processor.graph.impl.ResponseTimeDistributionGraphConsumer#stopProducing(): responseTimeDistribution produced 0 samples
2023-04-18 15:53:30,729 INFO o.a.j.r.p.AbstractSampleConsumer: class org.apache.jmeter.report.processor.graph.impl.TransactionsPerSecondGraphConsumer#stopProducing(): transactionsPerSecond produced 0 samples
2023-04-18 15:53:30,729 INFO o.a.j.r.p.AbstractSampleConsumer: class org.apache.jmeter.report.processor.graph.impl.ResponseTimePercentilesGraphConsumer#stopProducing(): responseTimePercentiles produced 0 samples
2023-04-18 15:53:30,749 INFO o.a.j.r.p.AbstractSampleConsumer: class org.apache.jmeter.report.processor.graph.impl.ResponseTimePercentilesOverTimeGraphConsumer#stopProducing(): responseTimePercentilesOverTime produced 0 samples
2023-04-18 15:53:30,749 INFO o.a.j.r.p.AbstractSampleConsumer: class org.apache.jmeter.report.processor.graph.impl.ResponseTimeOverTimeGraphConsumer#stopProducing(): responseTimesOverTime produced 0 samples
2023-04-18 15:53:30,750 INFO o.a.j.r.p.AbstractSampleConsumer: class org.apache.jmeter.report.processor.graph.impl.ConnectTimeOverTimeGraphConsumer#stopProducing(): connectTimeOverTime produced 0 samples
2023-04-18 15:53:30,750 INFO o.a.j.r.p.AbstractSampleConsumer: class org.apache.jmeter.report.processor.graph.impl.LatencyOverTimeGraphConsumer#stopProducing(): latenciesOverTime produced 0 samples
2023-04-18 15:53:30,750 INFO o.a.j.r.p.AbstractSampleConsumer: class org.apache.jmeter.report.processor.FilterConsumer#stopProducing(): nameFilter produced 6885 samples
2023-04-18 15:53:30,750 INFO o.a.j.r.p.AbstractSampleConsumer: class org.apache.jmeter.report.processor.FilterConsumer#stopProducing(): dateRangeFilter produced 1377 samples
2023-04-18 15:53:30,750 INFO o.a.j.r.p.AbstractSampleConsumer: class org.apache.jmeter.report.processor.NormalizerSampleConsumer#stopProducing(): normalizer produced 459 samples
2023-04-18 15:53:30,750 INFO o.a.j.r.p.CsvFileSampleSource: produce(): 459 samples produced in 204ms on channel 0
2023-04-18 15:53:30,751 INFO o.a.j.r.d.ReportGenerator: Exporting data using exporter:'json' of className:'org.apache.jmeter.report.dashboard.JsonExporter'
2023-04-18 15:53:30,933 INFO o.a.j.r.d.JsonExporter: Found data for consumer statisticsSummary in context
2023-04-18 15:53:30,933 INFO o.a.j.r.d.JsonExporter: Creating statistics for overall
2023-04-18 15:53:30,933 INFO o.a.j.r.d.JsonExporter: Creating statistics for other transactions
2023-04-18 15:53:30,934 INFO o.a.j.r.d.JsonExporter: Checking output folder
2023-04-18 15:53:30,934 INFO o.a.j.r.d.JsonExporter: Writing statistics JSON to D:\Project\Pearson\API Codes\RestAssuredAPI\target\jmeter\reports\JpetUserRegistration_20230418_155249\statistics.json
2023-04-18 15:53:30,979 INFO o.a.j.r.d.ReportGenerator: Exporting data using exporter:'html' of className:'org.apache.jmeter.report.dashboard.HtmlTemplateExporter'
2023-04-18 15:53:30,983 INFO o.a.j.r.d.HtmlTemplateExporter: Will generate dashboard in folder: D:\Project\Pearson\API Codes\RestAssuredAPI\target\jmeter\reports\JpetUserRegistration_20230418_155249
2023-04-18 15:53:31,172 INFO o.a.j.r.d.HtmlTemplateExporter: Report will be generated in: D:\Project\Pearson\API Codes\RestAssuredAPI\target\jmeter\reports\JpetUserRegistration_20230418_155249, creating folder structure
2023-04-18 15:53:31,176 INFO o.a.j.r.d.TemplateVisitor: Copying folder from 'D:\Project\Pearson\API Codes\RestAssuredAPI\target\jmeter\bin\report-template' to 'D:\Project\Pearson\API Codes\RestAssuredAPI\target\jmeter\reports\JpetUserRegistration_20230418_155249', got message: D:\Project\Pearson\API Codes\RestAssuredAPI\target\jmeter\reports\JpetUserRegistration_20230418_155249, found non empty folder with following content [D:\Project\Pearson\API Codes\RestAssuredAPI\target\jmeter\reports\JpetUserRegistration_20230418_155249\statistics.json], will be ignored
2023-04-18 15:53:31,975 INFO o.a.j.JMeter: Dashboard generated
